Java HotSpot(TM) 64-Bit Server VM
[-Xms64m, -Xmx64m, -XX:+UseG1GC, -verbose:gc, -Xloggc:log/gc_g1, -XX:+PrintGCDateStamps, -XX:+PrintGCDetails, -XX:+UseGCLogFileRotation, -XX:NumberOfGCLogFiles=10, -XX:GCLogFileSize=100M]


[2018-03-09T20:51:47.140] Young Gen GC: - 1 G1 Young Generation (from G1 Evacuation Pause) 26 milliseconds; start-end times 31181-31207

[2018-03-09T20:51:50.084] Young Gen GC: - 2 G1 Young Generation (from G1 Evacuation Pause) 25 milliseconds; start-end times 34223-34248

[2018-03-09T20:52:13.183] Young Gen GC: - 3 G1 Young Generation (from G1 Evacuation Pause) 19 milliseconds; start-end times 57331-57350

GCStatistics{youngGCQuantity=3, oldGCQuantity=0, totalYoungGCDuration=70, totalOldGCDuration=0}

[2018-03-09T20:53:05.455] Young Gen GC: - 4 G1 Young Generation (from G1 Evacuation Pause) 53 milliseconds; start-end times 109568-109621

GCStatistics{youngGCQuantity=1, oldGCQuantity=0, totalYoungGCDuration=53, totalOldGCDuration=0}

[2018-03-09T20:53:34.579] Young Gen GC: - 5 G1 Young Generation (from G1 Evacuation Pause) 27 milliseconds; start-end times 138717-138744

[2018-03-09T20:53:54.672] Young Gen GC: - 6 G1 Young Generation (from G1 Evacuation Pause) 19 milliseconds; start-end times 158818-158837

[2018-03-09T20:53:57.708] Young Gen GC: - 7 G1 Young Generation (from G1 Evacuation Pause) 16 milliseconds; start-end times 161850-161866

[2018-03-09T20:53:57.710] Young Gen GC: - 8 G1 Young Generation (from G1 Humongous Allocation) 7 milliseconds; start-end times 161866-161873

GCStatistics{youngGCQuantity=4, oldGCQuantity=0, totalYoungGCDuration=69, totalOldGCDuration=0}

[2018-03-09T20:54:29.852] Young Gen GC: - 9 G1 Young Generation (from G1 Evacuation Pause) 35 milliseconds; start-end times 193981-194016

[2018-03-09T20:54:32.874] Young Gen GC: - 10 G1 Young Generation (from G1 Evacuation Pause) 17 milliseconds; start-end times 197022-197039

[2018-03-09T20:54:38.912] Young Gen GC: - 11 G1 Young Generation (from G1 Evacuation Pause) 14 milliseconds; start-end times 203063-203077

[2018-03-09T20:54:43.938] Young Gen GC: - 12 G1 Young Generation (from G1 Evacuation Pause) 13 milliseconds; start-end times 208090-208103

[2018-03-09T20:54:49.968] Young Gen GC: - 13 G1 Young Generation (from G1 Evacuation Pause) 14 milliseconds; start-end times 214118-214132

[2018-03-09T20:54:55.999] Young Gen GC: - 14 G1 Young Generation (from G1 Evacuation Pause) 17 milliseconds; start-end times 220147-220164

[2018-03-09T20:55:04.048] Young Gen GC: - 15 G1 Young Generation (from G1 Evacuation Pause) 15 milliseconds; start-end times 228198-228213

[2018-03-09T20:55:10.080] Young Gen GC: - 16 G1 Young Generation (from G1 Evacuation Pause) 13 milliseconds; start-end times 234231-234244

GCStatistics{youngGCQuantity=8, oldGCQuantity=0, totalYoungGCDuration=138, totalOldGCDuration=0}

[2018-03-09T20:55:16.119] Young Gen GC: - 17 G1 Young Generation (from G1 Evacuation Pause) 14 milliseconds; start-end times 240269-240283

[2018-03-09T20:55:19.166] Young Gen GC: - 18 G1 Young Generation (from G1 Humongous Allocation) 34 milliseconds; start-end times 243296-243330

[2018-03-09T20:55:19.371] Old Gen GC: - 1 G1 Old Generation (from Allocation Failure) 203 milliseconds; start-end times 243331-243534

[2018-03-09T20:55:28.678] Young Gen GC: - 19 G1 Young Generation (from G1 Evacuation Pause) 73 milliseconds; start-end times 252566-252639

[2018-03-09T20:55:28.679] Young Gen GC: - 20 G1 Young Generation (from G1 Evacuation Pause) 5 milliseconds; start-end times 252639-252644

[2018-03-09T20:55:28.679] Young Gen GC: - 21 G1 Young Generation (from G1 Evacuation Pause) 1 milliseconds; start-end times 252644-252645

[2018-03-09T20:55:28.680] Old Gen GC: - 2 G1 Old Generation (from Allocation Failure) 197 milliseconds; start-end times 252645-252842

[2018-03-09T20:55:36.723] Young Gen GC: - 22 G1 Young Generation (from G1 Evacuation Pause) 10 milliseconds; start-end times 260877-260887

[2018-03-09T20:55:42.751] Young Gen GC: - 23 G1 Young Generation (from G1 Evacuation Pause) 13 milliseconds; start-end times 266901-266914

[2018-03-09T20:55:48.787] Young Gen GC: - 24 G1 Young Generation (from G1 Evacuation Pause) 13 milliseconds; start-end times 272937-272950

[2018-03-09T20:55:54.094] Young Gen GC: - 25 G1 Young Generation (from G1 Evacuation Pause) 27 milliseconds; start-end times 277973-278000

[2018-03-09T20:55:54.094] Young Gen GC: - 26 G1 Young Generation (from G1 Evacuation Pause) 29 milliseconds; start-end times 278000-278029

[2018-03-09T20:55:54.094] Old Gen GC: - 3 G1 Old Generation (from Allocation Failure) 228 milliseconds; start-end times 278029-278257

[2018-03-09T20:56:03.391] Young Gen GC: - 27 G1 Young Generation (from G1 Evacuation Pause) 33 milliseconds; start-end times 287295-287328

[2018-03-09T20:56:03.391] Young Gen GC: - 28 G1 Young Generation (from G1 Evacuation Pause) 26 milliseconds; start-end times 287328-287354

[2018-03-09T20:56:03.392] Old Gen GC: - 4 G1 Old Generation (from Allocation Failure) 200 milliseconds; start-end times 287354-287554

[2018-03-09T20:56:11.686] Young Gen GC: - 29 G1 Young Generation (from G1 Evacuation Pause) 69 milliseconds; start-end times 295578-295647

[2018-03-09T20:56:11.687] Young Gen GC: - 30 G1 Young Generation (from G1 Evacuation Pause) 4 milliseconds; start-end times 295647-295651

[2018-03-09T20:56:11.687] Old Gen GC: - 5 G1 Old Generation (from Allocation Failure) 198 milliseconds; start-end times 295651-295849

[2018-03-09T20:56:14.949] Young Gen GC: - 31 G1 Young Generation (from G1 Evacuation Pause) 32 milliseconds; start-end times 298860-298892

[2018-03-09T20:56:14.949] Young Gen GC: - 32 G1 Young Generation (from G1 Evacuation Pause) 2 milliseconds; start-end times 298893-298895

[2018-03-09T20:56:14.950] Old Gen GC: - 6 G1 Old Generation (from Allocation Failure) 217 milliseconds; start-end times 298895-299112

GCStatistics{youngGCQuantity=16, oldGCQuantity=6, totalYoungGCDuration=385, totalOldGCDuration=1243}

[2018-03-09T20:56:18.891] Young Gen GC: - 34 G1 Young Generation (from G1 Evacuation Pause) 2 milliseconds; start-end times 302152-302154

[2018-03-09T20:56:18.891] Young Gen GC: - 35 G1 Young Generation (from G1 Evacuation Pause) 0 milliseconds; start-end times 302154-302154
